src/app/admin/mensagens/page.tsx(4,34): error TS2307: Cannot find module '../../../providers' or its corresponding type declarations.
src/app/admin/page.tsx(140,23): error TS2554: Expected 1 arguments, but got 0.
src/services/__tests__/palpites.service.spec.ts(15,20): error TS2322: Type 'VitestUtils' is not assignable to type 'Awaitable<HookCleanupCallback>'.
